{"/home/garrison/projects/datetime/src/index.ts": {"path":"/home/garrison/projects/datetime/src/index.ts","all":false,"statementMap":{"0":{"start":{"line":1,"column":0},"end":{"line":1,"column":31}}},"s":{"0":1},"branchMap":{},"b":{},"fnMap":{},"f":{}}
,"/home/garrison/projects/datetime/src/to-timestamp.ts": {"path":"/home/garrison/projects/datetime/src/to-timestamp.ts","all":false,"statementMap":{"0":{"start":{"line":1,"column":0},"end":{"line":1,"column":86}},"1":{"start":{"line":2,"column":0},"end":{"line":2,"column":37}},"2":{"start":{"line":3,"column":0},"end":{"line":3,"column":51}},"3":{"start":{"line":4,"column":0},"end":{"line":4,"column":39}},"4":{"start":{"line":5,"column":0},"end":{"line":5,"column":79}},"5":{"start":{"line":6,"column":0},"end":{"line":6,"column":0}},"6":{"start":{"line":7,"column":0},"end":{"line":7,"column":17}},"7":{"start":{"line":8,"column":0},"end":{"line":8,"column":16}},"8":{"start":{"line":9,"column":0},"end":{"line":9,"column":0}},"9":{"start":{"line":10,"column":0},"end":{"line":10,"column":36}},"10":{"start":{"line":11,"column":0},"end":{"line":11,"column":34}},"11":{"start":{"line":12,"column":0},"end":{"line":12,"column":33}},"12":{"start":{"line":13,"column":0},"end":{"line":13,"column":12}},"13":{"start":{"line":14,"column":0},"end":{"line":14,"column":34}},"14":{"start":{"line":15,"column":0},"end":{"line":15,"column":33}},"15":{"start":{"line":16,"column":0},"end":{"line":16,"column":5}},"16":{"start":{"line":17,"column":0},"end":{"line":17,"column":0}},"17":{"start":{"line":18,"column":0},"end":{"line":18,"column":48}},"18":{"start":{"line":19,"column":0},"end":{"line":19,"column":22}},"19":{"start":{"line":20,"column":0},"end":{"line":20,"column":13}},"20":{"start":{"line":21,"column":0},"end":{"line":21,"column":33}},"21":{"start":{"line":22,"column":0},"end":{"line":22,"column":12}},"22":{"start":{"line":23,"column":0},"end":{"line":23,"column":29}},"23":{"start":{"line":24,"column":0},"end":{"line":24,"column":29}},"24":{"start":{"line":25,"column":0},"end":{"line":25,"column":34}},"25":{"start":{"line":26,"column":0},"end":{"line":26,"column":18}},"26":{"start":{"line":27,"column":0},"end":{"line":27,"column":5}},"27":{"start":{"line":28,"column":0},"end":{"line":28,"column":3}},"28":{"start":{"line":29,"column":0},"end":{"line":29,"column":0}},"29":{"start":{"line":30,"column":0},"end":{"line":30,"column":19}},"30":{"start":{"line":31,"column":0},"end":{"line":31,"column":2}},"31":{"start":{"line":32,"column":0},"end":{"line":32,"column":0}},"32":{"start":{"line":33,"column":0},"end":{"line":33,"column":80}},"33":{"start":{"line":34,"column":0},"end":{"line":34,"column":21}},"34":{"start":{"line":35,"column":0},"end":{"line":35,"column":16}},"35":{"start":{"line":36,"column":0},"end":{"line":36,"column":3}},"36":{"start":{"line":37,"column":0},"end":{"line":37,"column":0}},"37":{"start":{"line":38,"column":0},"end":{"line":38,"column":33}},"38":{"start":{"line":39,"column":0},"end":{"line":39,"column":0}},"39":{"start":{"line":40,"column":0},"end":{"line":40,"column":34}},"40":{"start":{"line":41,"column":0},"end":{"line":41,"column":30}},"41":{"start":{"line":42,"column":0},"end":{"line":42,"column":43}},"42":{"start":{"line":43,"column":0},"end":{"line":43,"column":37}},"43":{"start":{"line":44,"column":0},"end":{"line":44,"column":43}},"44":{"start":{"line":45,"column":0},"end":{"line":45,"column":37}},"45":{"start":{"line":46,"column":0},"end":{"line":46,"column":41}},"46":{"start":{"line":47,"column":0},"end":{"line":47,"column":104}},"47":{"start":{"line":48,"column":0},"end":{"line":48,"column":37}},"48":{"start":{"line":49,"column":0},"end":{"line":49,"column":41}},"49":{"start":{"line":50,"column":0},"end":{"line":50,"column":104}},"50":{"start":{"line":51,"column":0},"end":{"line":51,"column":37}},"51":{"start":{"line":52,"column":0},"end":{"line":52,"column":41}},"52":{"start":{"line":53,"column":0},"end":{"line":53,"column":30}},"53":{"start":{"line":54,"column":0},"end":{"line":54,"column":0}},"54":{"start":{"line":55,"column":0},"end":{"line":55,"column":24}},"55":{"start":{"line":56,"column":0},"end":{"line":56,"column":27}},"56":{"start":{"line":57,"column":0},"end":{"line":57,"column":24}},"57":{"start":{"line":58,"column":0},"end":{"line":58,"column":23}},"58":{"start":{"line":59,"column":0},"end":{"line":59,"column":29}},"59":{"start":{"line":60,"column":0},"end":{"line":60,"column":29}},"60":{"start":{"line":61,"column":0},"end":{"line":61,"column":34}},"61":{"start":{"line":62,"column":0},"end":{"line":62,"column":18}},"62":{"start":{"line":63,"column":0},"end":{"line":63,"column":5}},"63":{"start":{"line":64,"column":0},"end":{"line":64,"column":3}},"64":{"start":{"line":65,"column":0},"end":{"line":65,"column":0}},"65":{"start":{"line":66,"column":0},"end":{"line":66,"column":54}},"66":{"start":{"line":67,"column":0},"end":{"line":67,"column":16}},"67":{"start":{"line":68,"column":0},"end":{"line":68,"column":3}},"68":{"start":{"line":69,"column":0},"end":{"line":69,"column":0}},"69":{"start":{"line":70,"column":0},"end":{"line":70,"column":55}},"70":{"start":{"line":71,"column":0},"end":{"line":71,"column":2}}},"s":{"0":1,"1":7,"2":7,"3":7,"4":7,"5":7,"6":7,"7":7,"8":7,"9":7,"10":3,"11":3,"12":7,"13":4,"14":4,"15":4,"16":7,"17":7,"18":5,"19":5,"20":5,"21":5,"22":5,"23":5,"24":5,"25":5,"26":5,"27":7,"28":2,"29":2,"30":2,"31":1,"32":1,"33":14,"34":1,"35":1,"36":13,"37":13,"38":13,"39":13,"40":13,"41":3,"42":13,"43":4,"44":10,"45":2,"46":2,"47":6,"48":2,"49":2,"50":2,"51":1,"52":1,"53":1,"54":1,"55":1,"56":1,"57":1,"58":1,"59":1,"60":1,"61":1,"62":1,"63":13,"64":13,"65":14,"66":5,"67":5,"68":8,"69":14,"70":14},"branchMap":{"0":{"type":"branch","line":1,"loc":{"start":{"line":1,"column":24},"end":{"line":31,"column":2}},"locations":[{"start":{"line":1,"column":24},"end":{"line":31,"column":2}}]},"1":{"type":"branch","line":5,"loc":{"start":{"line":5,"column":39},"end":{"line":5,"column":62}},"locations":[{"start":{"line":5,"column":39},"end":{"line":5,"column":62}}]},"2":{"type":"branch","line":5,"loc":{"start":{"line":5,"column":58},"end":{"line":5,"column":79}},"locations":[{"start":{"line":5,"column":58},"end":{"line":5,"column":79}}]},"3":{"type":"branch","line":10,"loc":{"start":{"line":10,"column":35},"end":{"line":13,"column":11}},"locations":[{"start":{"line":10,"column":35},"end":{"line":13,"column":11}}]},"4":{"type":"branch","line":13,"loc":{"start":{"line":13,"column":4},"end":{"line":16,"column":5}},"locations":[{"start":{"line":13,"column":4},"end":{"line":16,"column":5}}]},"5":{"type":"branch","line":18,"loc":{"start":{"line":18,"column":34},"end":{"line":18,"column":47}},"locations":[{"start":{"line":18,"column":34},"end":{"line":18,"column":47}}]},"6":{"type":"branch","line":18,"loc":{"start":{"line":18,"column":47},"end":{"line":27,"column":5}},"locations":[{"start":{"line":18,"column":47},"end":{"line":27,"column":5}}]},"7":{"type":"branch","line":28,"loc":{"start":{"line":28,"column":2},"end":{"line":31,"column":2}},"locations":[{"start":{"line":28,"column":2},"end":{"line":31,"column":2}}]},"8":{"type":"branch","line":33,"loc":{"start":{"line":33,"column":27},"end":{"line":71,"column":2}},"locations":[{"start":{"line":33,"column":27},"end":{"line":71,"column":2}}]},"9":{"type":"branch","line":34,"loc":{"start":{"line":34,"column":20},"end":{"line":36,"column":3}},"locations":[{"start":{"line":34,"column":20},"end":{"line":36,"column":3}}]},"10":{"type":"branch","line":36,"loc":{"start":{"line":36,"column":2},"end":{"line":66,"column":17}},"locations":[{"start":{"line":36,"column":2},"end":{"line":66,"column":17}}]},"11":{"type":"branch","line":41,"loc":{"start":{"line":41,"column":29},"end":{"line":43,"column":15}},"locations":[{"start":{"line":41,"column":29},"end":{"line":43,"column":15}}]},"12":{"type":"branch","line":43,"loc":{"start":{"line":43,"column":4},"end":{"line":63,"column":5}},"locations":[{"start":{"line":43,"column":4},"end":{"line":63,"column":5}}]},"13":{"type":"branch","line":43,"loc":{"start":{"line":43,"column":36},"end":{"line":45,"column":15}},"locations":[{"start":{"line":43,"column":36},"end":{"line":45,"column":15}}]},"14":{"type":"branch","line":45,"loc":{"start":{"line":45,"column":4},"end":{"line":63,"column":5}},"locations":[{"start":{"line":45,"column":4},"end":{"line":63,"column":5}}]},"15":{"type":"branch","line":45,"loc":{"start":{"line":45,"column":36},"end":{"line":48,"column":15}},"locations":[{"start":{"line":45,"column":36},"end":{"line":48,"column":15}}]},"16":{"type":"branch","line":48,"loc":{"start":{"line":48,"column":4},"end":{"line":63,"column":5}},"locations":[{"start":{"line":48,"column":4},"end":{"line":63,"column":5}}]},"17":{"type":"branch","line":48,"loc":{"start":{"line":48,"column":36},"end":{"line":63,"column":5}},"locations":[{"start":{"line":48,"column":36},"end":{"line":63,"column":5}}]},"18":{"type":"branch","line":51,"loc":{"start":{"line":51,"column":36},"end":{"line":63,"column":5}},"locations":[{"start":{"line":51,"column":36},"end":{"line":63,"column":5}}]},"19":{"type":"branch","line":66,"loc":{"start":{"line":66,"column":7},"end":{"line":66,"column":41}},"locations":[{"start":{"line":66,"column":7},"end":{"line":66,"column":41}}]},"20":{"type":"branch","line":66,"loc":{"start":{"line":66,"column":36},"end":{"line":66,"column":53}},"locations":[{"start":{"line":66,"column":36},"end":{"line":66,"column":53}}]},"21":{"type":"branch","line":66,"loc":{"start":{"line":66,"column":53},"end":{"line":68,"column":3}},"locations":[{"start":{"line":66,"column":53},"end":{"line":68,"column":3}}]},"22":{"type":"branch","line":68,"loc":{"start":{"line":68,"column":2},"end":{"line":70,"column":20}},"locations":[{"start":{"line":68,"column":2},"end":{"line":70,"column":20}}]},"23":{"type":"branch","line":70,"loc":{"start":{"line":70,"column":9},"end":{"line":70,"column":48}},"locations":[{"start":{"line":70,"column":9},"end":{"line":70,"column":48}}]},"24":{"type":"branch","line":70,"loc":{"start":{"line":70,"column":44},"end":{"line":70,"column":55}},"locations":[{"start":{"line":70,"column":44},"end":{"line":70,"column":55}}]}},"b":{"0":[7],"1":[3],"2":[4],"3":[3],"4":[4],"5":[5],"6":[5],"7":[2],"8":[14],"9":[1],"10":[13],"11":[3],"12":[10],"13":[4],"14":[6],"15":[2],"16":[4],"17":[2],"18":[1],"19":[10],"20":[10],"21":[5],"22":[8],"23":[1],"24":[7]},"fnMap":{"0":{"name":"convertDateTime","decl":{"start":{"line":1,"column":24},"end":{"line":31,"column":2}},"loc":{"start":{"line":1,"column":24},"end":{"line":31,"column":2}},"line":1},"1":{"name":"toTimestamp","decl":{"start":{"line":33,"column":27},"end":{"line":71,"column":2}},"loc":{"start":{"line":33,"column":27},"end":{"line":71,"column":2}},"line":33}},"f":{"0":7,"1":14}}
}
